[22:32:09] [ServerMain/INFO]: Environment: Environment[sessionHost=https://sessionserver.mojang.com, servicesHost=https://api.minecraftservices.com, profilesHost=https://api.mojang.com, name=PROD]
[22:32:11] [ServerMain/INFO]: Loaded 1470 recipes
[22:32:11] [ServerMain/INFO]: Loaded 1584 advancements
[22:32:11] [Server thread/INFO]: Starting minecraft server version 1.21.11
[22:32:11] [Server thread/INFO]: Loading properties
[22:32:11] [Server thread/INFO]: Default game type: SURVIVAL
[22:32:11] [Server thread/INFO]: Generating keypair
[22:32:11] [Server thread/INFO]: Starting Minecraft server on *:25565
[22:32:11] [Server thread/WARN]: **** SERVER IS RUNNING IN OFFLINE/INSECURE MODE!
[22:32:11] [Server thread/WARN]: The server will make no attempt to authenticate usernames. Beware.
[22:32:11] [Server thread/WARN]: While this makes the game possible to play without internet access, it also opens up the ability for hackers to connect with any username they choose.
[22:32:11] [Server thread/WARN]: To change this, set "online-mode" to "true" in the server.properties file.
[22:32:11] [Server thread/INFO]: Preparing level "world"
[22:32:12] [Server thread/INFO]: Loading 0 persistent chunks...
[22:32:12] [Server thread/INFO]: Preparing spawn area: 100%
[22:32:12] [Server thread/INFO]: Time elapsed: 11 ms
[22:32:12] [Server thread/INFO]: Done (0.458s)! For help, type "help"
[22:33:12] [Server thread/INFO]: Server empty for 60 seconds, pausing
[22:35:05] [Server thread/INFO]: Unknown or incomplete command. See below for error
[22:35:05] [Server thread/INFO]: <--[HERE]
[22:35:21] [Server thread/INFO]: iZyroxh[/100.80.11.48:51935] logged in with entity id 11 at (4.5, 72.0, -3.5)
[22:35:21] [Server thread/INFO]: iZyroxh joined the game
[22:36:44] [Server thread/INFO]: Unknown or incomplete command. See below for error
[22:36:44] [Server thread/INFO]: 		/op iZyroxh<--[HERE]
[22:37:05] [Server thread/INFO]: Made iZyroxh a server operator
[22:40:00] [Server thread/INFO]: iZyroxh has made the advancement [Stone Age]
[22:40:07] [Server thread/INFO]: iZyroxh has made the advancement [Getting an Upgrade]
[22:45:05] [Server thread/INFO]: iZyroxh has made the advancement [Monster Hunter]
[22:45:16] [Server thread/INFO]: iZyroxh lost connection: Disconnected
[22:45:16] [Server thread/INFO]: iZyroxh left the game
[22:46:16] [Server thread/INFO]: Server empty for 60 seconds, pausing
